<?xml version="1.0" encoding="UTF-8"?>
<!-- Generated by org.testng.reporters.JUnitXMLReporter -->
<testsuite ignored="0" hostname="LTIN283332" failures="0" tests="10" name="Chrome Test" time="671.749" errors="0" timestamp="2024-03-13T15:17:12 IST">
  <testcase classname="com.zigwheels.TestNG.TestNG" name="clicking_upcoming_bikes" time="34.747"/>
  <testcase classname="com.zigwheels.TestNG.TestNG" name="selecting_manufacture_honda" time="49.004"/>
  <testcase classname="com.zigwheels.TestNG.TestNG" name="displaying_bikes_price_less_than_4lakhs" time="13.109"/>
  <testcase classname="com.zigwheels.TestNG.TestNG" name="hovering_over_used_cars" time="2.739"/>
  <testcase classname="com.zigwheels.TestNG.TestNG" name="clicking_chennai" time="32.076"/>
  <testcase classname="com.zigwheels.TestNG.TestNG" name="displaying_all_popular_models" time="477.124"/>
  <testcase classname="com.zigwheels.TestNG.TestNG" name="clicking_signin" time="4.724"/>
  <testcase classname="com.zigwheels.TestNG.TestNG" name="entering_invalid_email_account" time="6.762"/>
  <testcase classname="com.zigwheels.TestNG.TestNG" name="displaying_error_message" time="2.106"/>
  <testcase classname="com.zigwheels.TestNG.TestNG" name="navigating_back_to_homepage" time="1.955"/>
</testsuite> <!-- Chrome Test -->
