<?xml version="1.0" encoding="UTF-8"?>
<testng-results ignored="0" total="3" passed="3" failed="0" skipped="0">
  <reporter-output>
  </reporter-output>
  <suite started-at="2024-02-29T13:59:14 IST" name="Suite" finished-at="2024-02-29T14:11:01 IST" duration-ms="707074">
    <groups>
      <group name="cucumber">
        <method signature="AbstractTestNGCucumberTests.runScenario(io.cucumber.testng.PickleWrapper,io.cucumber.testng.FeatureWrapper)[pri:0, instance:TestRunner.TestRunner@7b98f307]" name="runScenario" class="io.cucumber.testng.AbstractTestNGCucumberTests"/>
      </group> <!-- cucumber -->
    </groups>
    <test started-at="2024-02-29T13:59:14 IST" name="ChromeTest" finished-at="2024-02-29T14:11:01 IST" duration-ms="707074">
      <class name="TestRunner.TestRunner">
        <test-method is-config="true" signature="setUpClass(org.testng.ITestContext)[pri:0, instance:TestRunner.TestRunner@7b98f307]" started-at="2024-02-29T13:59:14 IST" name="setUpClass" finished-at="2024-02-29T13:59:39 IST" duration-ms="25324" status="PASS">
          <params>
            <param index="0">
              <value>
                <![CDATA[org.testng.TestRunner@4a74038e]]>
              </value>
            </param>
          </params>
          <reporter-output>
          </reporter-output>
        </test-method> <!-- setUpClass -->
        <test-method signature="runScenario(io.cucumber.testng.PickleWrapper,io.cucumber.testng.FeatureWrapper)[pri:0, instance:TestRunner.TestRunner@7b98f307]" started-at="2024-02-29T13:59:39 IST" name="runScenario" description="Runs Cucumber Scenarios" data-provider="scenarios" finished-at="2024-02-29T14:00:03 IST" duration-ms="24417" status="PASS">
          <params>
            <param index="0">
              <value>
                <![CDATA["Display upcoming bikes details for Honda with price less than four Lakhs"]]>
              </value>
            </param>
            <param index="1">
              <value>
                <![CDATA["Zig Wheels"]]>
              </value>
            </param>
          </params>
          <reporter-output>
          </reporter-output>
        </test-method> <!-- runScenario -->
        <test-method signature="runScenario(io.cucumber.testng.PickleWrapper,io.cucumber.testng.FeatureWrapper)[pri:0, instance:TestRunner.TestRunner@7b98f307]" started-at="2024-02-29T14:00:03 IST" name="runScenario" description="Runs Cucumber Scenarios" data-provider="scenarios" finished-at="2024-02-29T14:09:43 IST" duration-ms="579869" status="PASS">
          <params>
            <param index="0">
              <value>
                <![CDATA["Displaying popular models for used  cars in chennai"]]>
              </value>
            </param>
            <param index="1">
              <value>
                <![CDATA["Zig Wheels"]]>
              </value>
            </param>
          </params>
          <reporter-output>
          </reporter-output>
        </test-method> <!-- runScenario -->
        <test-method signature="runScenario(io.cucumber.testng.PickleWrapper,io.cucumber.testng.FeatureWrapper)[pri:0, instance:TestRunner.TestRunner@7b98f307]" started-at="2024-02-29T14:09:43 IST" name="runScenario" description="Runs Cucumber Scenarios" data-provider="scenarios" finished-at="2024-02-29T14:10:07 IST" duration-ms="23639" status="PASS">
          <params>
            <param index="0">
              <value>
                <![CDATA["Account Validation with invalid Username"]]>
              </value>
            </param>
            <param index="1">
              <value>
                <![CDATA["Zig Wheels"]]>
              </value>
            </param>
          </params>
          <reporter-output>
          </reporter-output>
        </test-method> <!-- runScenario -->
        <test-method is-config="true" signature="tearDownClass()[pri:0, instance:TestRunner.TestRunner@7b98f307]" started-at="2024-02-29T14:10:07 IST" name="tearDownClass" finished-at="2024-02-29T14:11:01 IST" duration-ms="53699" status="PASS">
          <reporter-output>
          </reporter-output>
        </test-method> <!-- tearDownClass -->
      </class> <!-- TestRunner.TestRunner -->
    </test> <!-- ChromeTest -->
  </suite> <!-- Suite -->
</testng-results>
