<?xml version="1.0" encoding="UTF-8"?>
<testng-results ignored="0" total="3" passed="3" failed="0" skipped="0">
  <reporter-output>
  </reporter-output>
  <suite started-at="2024-03-14T13:23:38 IST" name="Default suite" finished-at="2024-03-14T13:33:48 IST" duration-ms="610153">
    <groups>
      <group name="cucumber">
        <method signature="AbstractTestNGCucumberTests.runScenario(io.cucumber.testng.PickleWrapper,io.cucumber.testng.FeatureWrapper)[pri:0, instance:TestRunner.TestRunner@4201c465]" name="runScenario" class="io.cucumber.testng.AbstractTestNGCucumberTests"/>
      </group> <!-- cucumber -->
    </groups>
    <test started-at="2024-03-14T13:23:38 IST" name="Default test" finished-at="2024-03-14T13:33:48 IST" duration-ms="610153">
      <class name="TestRunner.TestRunner">
        <test-method is-config="true" signature="setUpClass(org.testng.ITestContext)[pri:0, instance:TestRunner.TestRunner@4201c465]" started-at="2024-03-14T13:23:38 IST" name="setUpClass" finished-at="2024-03-14T13:23:54 IST" duration-ms="15189" status="PASS">
          <params>
            <param index="0">
              <value>
                <![CDATA[org.testng.TestRunner@39b52a8a]]>
              </value>
            </param>
          </params>
          <reporter-output>
          </reporter-output>
        </test-method> <!-- setUpClass -->
        <test-method signature="runScenario(io.cucumber.testng.PickleWrapper,io.cucumber.testng.FeatureWrapper)[pri:0, instance:TestRunner.TestRunner@4201c465]" started-at="2024-03-14T13:23:54 IST" name="runScenario" description="Runs Cucumber Scenarios" data-provider="scenarios" finished-at="2024-03-14T13:24:24 IST" duration-ms="30894" status="PASS">
          <params>
            <param index="0">
              <value>
                <![CDATA["Display upcoming bikes details for Honda with price less than four Lakhs"]]>
              </value>
            </param>
            <param index="1">
              <value>
                <![CDATA["Zig Wheels"]]>
              </value>
            </param>
          </params>
          <reporter-output>
          </reporter-output>
        </test-method> <!-- runScenario -->
        <test-method signature="runScenario(io.cucumber.testng.PickleWrapper,io.cucumber.testng.FeatureWrapper)[pri:0, instance:TestRunner.TestRunner@4201c465]" started-at="2024-03-14T13:24:24 IST" name="runScenario" description="Runs Cucumber Scenarios" data-provider="scenarios" finished-at="2024-03-14T13:33:17 IST" duration-ms="532689" status="PASS">
          <params>
            <param index="0">
              <value>
                <![CDATA["Displaying popular models for used  cars in chennai"]]>
              </value>
            </param>
            <param index="1">
              <value>
                <![CDATA["Zig Wheels"]]>
              </value>
            </param>
          </params>
          <reporter-output>
          </reporter-output>
        </test-method> <!-- runScenario -->
        <test-method signature="runScenario(io.cucumber.testng.PickleWrapper,io.cucumber.testng.FeatureWrapper)[pri:0, instance:TestRunner.TestRunner@4201c465]" started-at="2024-03-14T13:33:17 IST" name="runScenario" description="Runs Cucumber Scenarios" data-provider="scenarios" finished-at="2024-03-14T13:33:33 IST" duration-ms="15558" status="PASS">
          <params>
            <param index="0">
              <value>
                <![CDATA["Account Validation with invalid Username"]]>
              </value>
            </param>
            <param index="1">
              <value>
                <![CDATA["Zig Wheels"]]>
              </value>
            </param>
          </params>
          <reporter-output>
          </reporter-output>
        </test-method> <!-- runScenario -->
        <test-method is-config="true" signature="tearDownClass()[pri:0, instance:TestRunner.TestRunner@4201c465]" started-at="2024-03-14T13:33:33 IST" name="tearDownClass" finished-at="2024-03-14T13:33:48 IST" duration-ms="15672" status="PASS">
          <reporter-output>
          </reporter-output>
        </test-method> <!-- tearDownClass -->
      </class> <!-- TestRunner.TestRunner -->
    </test> <!-- Default test -->
  </suite> <!-- Default suite -->
</testng-results>
